<?xml version="1.0" encoding="UTF-8"?>
<testng-results ignored="0" total="1" passed="1" failed="0" skipped="0">
  <reporter-output>
  </reporter-output>
  <suite started-at="2026-05-28T22:37:32 IST" name="Suite" finished-at="2026-05-28T22:37:58 IST" duration-ms="26491">
    <groups>
    </groups>
    <test started-at="2026-05-28T22:37:32 IST" name="Test" finished-at="2026-05-28T22:37:58 IST" duration-ms="26491">
      <class name="com.company.api.tests.ObjectTests">
        <test-method is-config="true" signature="setup()[pri:0, instance:com.company.api.tests.ObjectTests@38c6f217]" started-at="2026-05-28T22:37:32 IST" name="setup" finished-at="2026-05-28T22:37:32 IST" duration-ms="512" status="PASS">
          <reporter-output>
          </reporter-output>
        </test-method> <!-- setup -->
        <test-method signature="testCreateObject()[pri:0, instance:com.company.api.tests.ObjectTests@38c6f217]" started-at="2026-05-28T22:37:32 IST" name="testCreateObject" finished-at="2026-05-28T22:37:58 IST" duration-ms="25942" status="PASS">
          <reporter-output>
          </reporter-output>
        </test-method> <!-- testCreateObject -->
      </class> <!-- com.company.api.tests.ObjectTests -->
    </test> <!-- Test -->
  </suite> <!-- Suite -->
</testng-results>
