<?xml version="1.0" encoding="UTF-8"?>
<!-- Generated by org.testng.reporters.JUnitReportReporter -->
<testsuite hostname="Priyanshi" failures="0" tests="1" name="com.company.api.tests.UserTests" time="2.695" errors="1" timestamp="2026-05-28T20:58:47 IST" skipped="0">
  <testcase classname="com.company.api.tests.UserTests" name="testCreateUser" time="2.695">
    <error message="com.fasterxml.jackson.databind.exc.UnrecognizedPropertyException: Unrecognized field &quot;_meta&quot; (class com.company.api.models.response.UserResponse), not marked as ignorable (4 known properties: &quot;name&quot;, &quot;job&quot;, &quot;id&quot;, &quot;createdAt&quot;])
 at [Source: (String)&quot;{&quot;name&quot;:&quot;Tanvi&quot;,&quot;job&quot;:&quot;SDET3&quot;,&quot;id&quot;:&quot;97&quot;,&quot;createdAt&quot;:&quot;2026-05-28T15:28:47.110Z&quot;,&quot;_meta&quot;:{&quot;powered_by&quot;:&quot;ReqRes&quot;,&quot;docs_url&quot;:&quot;https://app.reqres.in/documentation&quot;,&quot;upgrade_url&quot;:&quot;https://app.reqres.in/upgrade&quot;,&quot;example_url&quot;:&quot;https://app.reqres.in/examples/notes-app&quot;,&quot;variant&quot;:&quot;v1_b&quot;,&quot;message&quot;:&quot;This is a read-only demo endpoint. Sign up to create your own collections with full CRUD and auth.&quot;,&quot;cta&quot;:{&quot;label&quot;:&quot;Get started&quot;,&quot;url&quot;:&quot;https://app.reqres.in/upgrade&quot;},&quot;context&quot;:&quot;legacy_success&quot;}}&quot;; line: 1, column: 89] (through reference chain: com.company.api.models.response.UserResponse[&quot;_meta&quot;])" type="java.lang.RuntimeException">
      <![CDATA[java.lang.RuntimeException: com.fasterxml.jackson.databind.exc.UnrecognizedPropertyException: Unrecognized field "_meta" (class com.company.api.models.response.UserResponse), not marked as ignorable (4 known properties: "name", "job", "id", "createdAt"])
 at [Source: (String)"{"name":"Tanvi","job":"SDET3","id":"97","createdAt":"2026-05-28T15:28:47.110Z","_meta":{"powered_by":"ReqRes","docs_url":"https://app.reqres.in/documentation","upgrade_url":"https://app.reqres.in/upgrade","example_url":"https://app.reqres.in/examples/notes-app","variant":"v1_b","message":"This is a read-only demo endpoint. Sign up to create your own collections with full CRUD and auth.","cta":{"label":"Get started","url":"https://app.reqres.in/upgrade"},"context":"legacy_success"}}"; line: 1, column: 89] (through reference chain: com.company.api.models.response.UserResponse["_meta"])
at io.restassured.internal.path.json.mapping.JsonPathJackson2ObjectDeserializer.deserialize(JsonPathJackson2ObjectDeserializer.java:30)
at io.restassured.path.json.mapping.JsonPathObjectDeserializer$deserialize.call(Unknown Source)
at org.codehaus.groovy.runtime.callsite.CallSiteArray.defaultCall(CallSiteArray.java:45)
at org.codehaus.groovy.runtime.callsite.AbstractCallSite.call(AbstractCallSite.java:125)
at org.codehaus.groovy.runtime.callsite.AbstractCallSite.call(AbstractCallSite.java:139)
at io.restassured.internal.mapping.Jackson2Mapper.deserialize(Jackson2Mapper.groovy:58)
at io.restassured.mapper.ObjectMapper$deserialize$0.call(Unknown Source)
at org.codehaus.groovy.runtime.callsite.CallSiteArray.defaultCall(CallSiteArray.java:45)
at org.codehaus.groovy.runtime.callsite.AbstractCallSite.call(AbstractCallSite.java:125)
at org.codehaus.groovy.runtime.callsite.AbstractCallSite.call(AbstractCallSite.java:139)
at io.restassured.internal.mapping.ObjectMapping.parseWithJackson2(ObjectMapping.groovy:254)
at io.restassured.internal.mapping.ObjectMapping$parseWithJackson2$1.callStatic(Unknown Source)
at org.codehaus.groovy.runtime.callsite.CallSiteArray.defaultCallStatic(CallSiteArray.java:53)
at org.codehaus.groovy.runtime.callsite.AbstractCallSite.callStatic(AbstractCallSite.java:217)
at org.codehaus.groovy.runtime.callsite.AbstractCallSite.callStatic(AbstractCallSite.java:240)
at io.restassured.internal.mapping.ObjectMapping.deserialize(ObjectMapping.groovy:56)
at io.restassured.internal.mapping.ObjectMapping$deserialize$0.call(Unknown Source)
at org.codehaus.groovy.runtime.callsite.CallSiteArray.defaultCall(CallSiteArray.java:45)
at org.codehaus.groovy.runtime.callsite.AbstractCallSite.call(AbstractCallSite.java:125)
at io.restassured.internal.RestAssuredResponseOptionsGroovyImpl.as(RestAssuredResponseOptionsGroovyImpl.groovy:229)
at io.restassured.internal.RestAssuredResponseOptionsImpl.as(RestAssuredResponseOptionsImpl.java:169)
at com.company.api.tests.UserTests.testCreateUser(UserTests.java:21)
at java.base/jdk.internal.reflect.NativeMethodAccessorImpl.invoke0(Native Method)
at java.base/jdk.internal.reflect.NativeMethodAccessorImpl.invoke(NativeMethodAccessorImpl.java:77)
at java.base/jdk.internal.reflect.DelegatingMethodAccessorImpl.invoke(DelegatingMethodAccessorImpl.java:43)
at java.base/java.lang.reflect.Method.invoke(Method.java:569)
at org.testng.internal.invokers.MethodInvocationHelper.invokeMethod(MethodInvocationHelper.java:139)
at org.testng.internal.invokers.TestInvoker.invokeMethod(TestInvoker.java:664)
at org.testng.internal.invokers.TestInvoker.invokeTestMethod(TestInvoker.java:228)
at org.testng.internal.invokers.MethodRunner.runInSequence(MethodRunner.java:63)
at org.testng.internal.invokers.TestInvoker$MethodInvocationAgent.invoke(TestInvoker.java:961)
at org.testng.internal.invokers.TestInvoker.invokeTestMethods(TestInvoker.java:201)
at org.testng.internal.invokers.TestMethodWorker.invokeTestMethods(TestMethodWorker.java:148)
at org.testng.internal.invokers.TestMethodWorker.run(TestMethodWorker.java:128)
at java.base/java.util.ArrayList.forEach(ArrayList.java:1511)
at org.testng.TestRunner.privateRun(TestRunner.java:819)
at org.testng.TestRunner.run(TestRunner.java:619)
at org.testng.SuiteRunner.runTest(SuiteRunner.java:443)
at org.testng.SuiteRunner.runSequentially(SuiteRunner.java:437)
at org.testng.SuiteRunner.privateRun(SuiteRunner.java:397)
at org.testng.SuiteRunner.run(SuiteRunner.java:336)
at org.testng.SuiteRunnerWorker.runSuite(SuiteRunnerWorker.java:52)
at org.testng.SuiteRunnerWorker.run(SuiteRunnerWorker.java:95)
at org.testng.TestNG.runSuitesSequentially(TestNG.java:1301)
at org.testng.TestNG.runSuitesLocally(TestNG.java:1228)
at org.testng.TestNG.runSuites(TestNG.java:1134)
at org.testng.TestNG.run(TestNG.java:1101)
at org.testng.remote.AbstractRemoteTestNG.run(AbstractRemoteTestNG.java:115)
at org.testng.remote.RemoteTestNG.initAndRun(RemoteTestNG.java:293)
at org.testng.remote.RemoteTestNG.main(RemoteTestNG.java:91)
Caused by: com.fasterxml.jackson.databind.exc.UnrecognizedPropertyException: Unrecognized field "_meta" (class com.company.api.models.response.UserResponse), not marked as ignorable (4 known properties: "name", "job", "id", "createdAt"])
 at [Source: (String)"{"name":"Tanvi","job":"SDET3","id":"97","createdAt":"2026-05-28T15:28:47.110Z","_meta":{"powered_by":"ReqRes","docs_url":"https://app.reqres.in/documentation","upgrade_url":"https://app.reqres.in/upgrade","example_url":"https://app.reqres.in/examples/notes-app","variant":"v1_b","message":"This is a read-only demo endpoint. Sign up to create your own collections with full CRUD and auth.","cta":{"label":"Get started","url":"https://app.reqres.in/upgrade"},"context":"legacy_success"}}"; line: 1, column: 89] (through reference chain: com.company.api.models.response.UserResponse["_meta"])
at com.fasterxml.jackson.databind.exc.UnrecognizedPropertyException.from(UnrecognizedPropertyException.java:61)
at com.fasterxml.jackson.databind.DeserializationContext.handleUnknownProperty(DeserializationContext.java:855)
at com.fasterxml.jackson.databind.deser.std.StdDeserializer.handleUnknownProperty(StdDeserializer.java:1206)
at com.fasterxml.jackson.databind.deser.BeanDeserializerBase.handleUnknownProperty(BeanDeserializerBase.java:1592)
at com.fasterxml.jackson.databind.deser.BeanDeserializerBase.handleUnknownVanilla(BeanDeserializerBase.java:1570)
at com.fasterxml.jackson.databind.deser.BeanDeserializer.vanillaDeserialize(BeanDeserializer.java:299)
at com.fasterxml.jackson.databind.deser.BeanDeserializer.deserialize(BeanDeserializer.java:156)
at com.fasterxml.jackson.databind.ObjectMapper._readMapAndClose(ObjectMapper.java:4482)
at com.fasterxml.jackson.databind.ObjectMapper.readValue(ObjectMapper.java:3434)
at io.restassured.internal.path.json.mapping.JsonPathJackson2ObjectDeserializer.deserialize(JsonPathJackson2ObjectDeserializer.java:28)
... 49 more
]]>
    </error>
  </testcase> <!-- testCreateUser -->
</testsuite> <!-- com.company.api.tests.UserTests -->
